<!DOCTYPE html PUBLIC "-//W3C//DTD XHTML 1.1//EN" "http://www.w3.org/TR/xhtml11/DTD/xhtml11.dtd">
<html xmlns="http://www.w3.org/1999/xhtml"><head><title>TestNG Report</title><style type="text/css">table {margin-bottom:10px;border-collapse:collapse;empty-cells:show}th,td {border:1px solid #009;padding:.25em .5em}th {vertical-align:bottom}td {vertical-align:top}table a {font-weight:bold}.stripe td {background-color: #E6EBF9}.num {text-align:right}.passedodd td {background-color: #3F3}.passedeven td {background-color: #0A0}.skippedodd td {background-color: #DDD}.skippedeven td {background-color: #CCC}.failedodd td,.attn {background-color: #F33}.failedeven td,.stripe .attn {background-color: #D00}.stacktrace {white-space:pre;font-family:monospace}.totop {font-size:85%;text-align:center;border-bottom:2px solid #000}</style></head><body><table><tr><th>Test</th><th># Passed</th><th># Skipped</th><th># Failed</th><th>Time (ms)</th><th>Included Groups</th><th>Excluded Groups</th></tr><tr><th colspan="7">ActitimeSuite</th></tr><tr><td><a href="#t0">SmokeTest</a></td><td class="num">1</td><td class="num attn">1</td><td class="num attn">2</td><td class="num">78,724</td><td></td><td></td></tr></table><table><thead><tr><th>Class</th><th>Method</th><th>Start</th><th>Time (ms)</th></tr></thead><tbody><tr><th colspan="4">ActitimeSuite</th></tr></tbody><tbody id="t0"><tr><th colspan="4">SmokeTest &#8212; failed</th></tr><tr class="failedeven"><td rowspan="1">scripts.Demo</td><td><a href="#m0">createUser</a></td><td rowspan="1">1568044918727</td><td rowspan="1">0</td></tr><tr class="failedodd"><td rowspan="1">scripts.TestValidLogin</td><td><a href="#m1">testInvalidLogin</a></td><td rowspan="1">1568044878652</td><td rowspan="1">15324</td></tr><tr><th colspan="4">SmokeTest &#8212; skipped</th></tr><tr class="skippedeven"><td rowspan="1">scripts.Demo</td><td><a href="#m2">deleteUser</a></td><td rowspan="1">1568044921922</td><td rowspan="1">0</td></tr><tr><th colspan="4">SmokeTest &#8212; passed</th></tr><tr class="passedeven"><td rowspan="1">scripts.TestInvalidLogin</td><td><a href="#m3">testInvalidLogin</a></td><td rowspan="1">1568044937741</td><td rowspan="1">113</td></tr></tbody></table><h2>SmokeTest</h2><h3 id="m0">scripts.Demo#createUser</h3><table class="result"><tr><th>Messages</th></tr><tr><td><div class="messages">createUser--&gt; Test method is failed..</div></td></tr><tr><th>Exception</th></tr><tr><td><div class="stacktrace">java.lang.AssertionError: null
	at scripts.Demo.createUser(Demo.java:12)
... Removed 26 stack frames</div></td></tr></table><p class="totop"><a href="#summary">back to summary</a></p><h3 id="m1">scripts.TestValidLogin#testInvalidLogin</h3><table class="result"><tr><th>Messages</th></tr><tr><td><div class="messages">testInvalidLogin--&gt; Test method is failed..</div></td></tr><tr><th>Exception</th></tr><tr><td><div class="stacktrace">org.openqa.selenium.TimeoutException: Expected condition failed: waiting for title to be &quot;actiTIME - Enter Time-Track123&quot;. Current title: &quot;actiTIME - Login&quot; (tried for 5 second(s) with 500 milliseconds interval)
Build info: version: &apos;3.141.59&apos;, revision: &apos;e82be7d358&apos;, time: &apos;2018-11-14T08:25:53&apos;
System info: host: &apos;VIKASH-PC&apos;, ip: &apos;192.168.31.143&apos;, os.name: &apos;Windows 7&apos;, os.arch: &apos;x86&apos;, os.version: &apos;6.1&apos;, java.version: &apos;1.8.0_211&apos;
Driver info: org.openqa.selenium.chrome.ChromeDriver
Capabilities {acceptInsecureCerts: false, browserName: chrome, browserVersion: 76.0.3809.132, chrome: {chromedriverVersion: 76.0.3809.126 (d80a294506b4..., userDataDir: C:\Users\vikash\AppData\Loc...}, goog:chromeOptions: {debuggerAddress: localhost:49467}, javascriptEnabled: true, networkConnectionEnabled: false, pageLoadStrategy: normal, platform: XP, platformName: XP, proxy: Proxy(), setWindowRect: true, strictFileInteractability: false, timeouts: {implicit: 0, pageLoad: 300000, script: 30000}, unhandledPromptBehavior: dismiss and notify}
Session ID: 34a38de59dace272b92c9de5d7010210
	at org.openqa.selenium.support.ui.WebDriverWait.timeoutException(WebDriverWait.java:95)
	at org.openqa.selenium.support.ui.FluentWait.until(FluentWait.java:272)
	at scripts.TestValidLogin.testInvalidLogin(TestValidLogin.java:36)
... Removed 24 stack frames</div></td></tr></table><p class="totop"><a href="#summary">back to summary</a></p><h3 id="m2">scripts.Demo#deleteUser</h3><table class="result"><tr><th>Exception</th></tr><tr><td><div class="stacktrace">java.lang.Throwable: Method Demo.deleteUser()[pri:0, instance:scripts.Demo@17246de] depends on not successfully finished methods
... Removed 17 stack frames</div></td></tr></table><p class="totop"><a href="#summary">back to summary</a></p><h3 id="m3">scripts.TestInvalidLogin#testInvalidLogin</h3><table class="result"><tr><th>Messages</th></tr><tr><td><div class="messages">testInvalidLogin--&gt; Test method is pass..</div></td></tr></table><p class="totop"><a href="#summary">back to summary</a></p></body></html>